fetch_expenses_date function called with expense date:24-08-20
fetch records function called
insert_expenses function called with expense date:24-08-20
fetch_expenses_date function called with expense date:24-08-20
fetch_expenses_date function called with expense date:2024-08-28
fetch_expenses_date function called with expense date:2024-08-01
fetch_expenses_date function called with expense date:2024-08-02
fetch_expenses_date function called with expense date:2024-08-28
fetch_expenses_date function called with expense date:2024-08-28
fetch_expenses_date function called with expense date:2024-08-28
fetch_expenses_date function called with expense date:2024-08-28
fetch_expenses_date function called with expense date:2024-08-28
fetch_expenses_date function called with expense date:2024-08-28
fetch_expenses_date function called with expense date:2024-08-28
fetch_expenses_date function called with expense date:2024-08-28
fetch_expenses_date function called with expense date:2024-08-01
fetch_expenses_date function called with expense date:2024-08-01
fetch_expenses_date function called with expense date:2024-08-28
fetch_expenses_date function called with expense date:2024-08-28
fetch_expenses_date function called with expense date:2024-08-28
fetch_expenses_date function called with expense date:2024-08-28
fetch_expenses_date function called with expense date:2024-08-01
fetch_expenses_date function called with expense date:2024-08-28
fetch_expenses_date function called with expense date:2024-08-01
fetch_expenses_date function called with expense date:2024-08-28
fetch_expenses_date function called with expense date:2024-08-28
fetch_expenses_date function called with expense date:2024-08-22
fetch_expenses_date function called with expense date:2024-08-22
fetch_expenses_date function called with expense date:2024-08-23
fetch_expenses_date function called with expense date:2024-08-28
fetch_expenses_date function called with expense date:2024-08-20
fetch_expenses_date function called with expense date:2024-08-01
fetch_expenses_date function called with expense date:2024-08-01
fetch_expenses_date function called with expense date:2024-08-01
fetch_expenses_date function called with expense date:2024-08-07
fetch_expenses_date function called with expense date:2024-08-07
delete_expense function called with expense date:2024-08-07
insert_expenses function called with expense date:2024-08-07
insert_expenses function called with expense date:2024-08-07
fetch_expenses_date function called with expense date:2024-08-07
getting expense summary from 2024-08-01 to 2024-08-20
getting expense summary from 2024-08-01 to 2024-08-20
fetch_expenses_date function called with expense date:2024-08-07
getting expense summary from 2024-08-01 to 2024-08-20
getting expense summary from 24-08-1 to 24-08-20
fetch records function called
insert_expenses function called with expense date:24-08-20
fetch_expenses_date function called with expense date:24-08-20
getting expense summary from 24-08-1 to 24-08-20
getting expense summary from 24-08-1 to 24-08-20
getting expense summary from 24-08-1 to 24-08-20
getting expense summary from 24-08-1 to 24-08-20
getting expense summary from 24-08-1 to 24-08-20
getting expense summary from 24-08-1 to 24-08-20
getting expense summary from 24-08-1 to 24-08-20
getting expense summary from 2024-08-01 to 2024-08-20
getting expense summary from 2024-08-01 to 2024-08-20
getting expense summary from 2024-08-01 to 2024-08-20
getting expense summary from 2024-08-01 to 2024-08-20
getting expense summary from 2024-08-01 to 2024-08-30
fetch_expenses_date function called with expense date:2024-08-07
getting expense summary from 2024-08-01 to 2024-08-20
fetch_expenses_date function called with expense date:2024-08-07
getting expense summary from 2024-08-01 to 2024-08-30
fetch_expenses_date function called with expense date:2024-08-07
fetch_expenses_date function called with expense date:2024-08-07
getting expense summary from 2024-08-01 to 2024-08-30
fetch_expenses_date function called with expense date:2024-08-07
fetch_expenses_date function called with expense date:2024-08-07
getting expense summary from 2024-08-01 to 2024-08-30
fetch_expenses_date function called with expense date:2024-08-07
fetch_expenses_date function called with expense date:2024-08-07
getting expense summary from 2024-08-01 to 2024-08-30
fetch_expenses_date function called with expense date:2024-08-07
fetch_expenses_date function called with expense date:2024-08-07
getting expense summary from 2024-08-01 to 2024-08-30
fetch_expenses_date function called with expense date:2024-08-07
fetch_expenses_date function called with expense date:2024-08-07
getting expense summary from 2024-08-01 to 2024-08-30
fetch_expenses_date function called with expense date:2024-08-07
fetch_expenses_date function called with expense date:2024-08-01
getting expense summary from 2024-08-01 to 2024-08-20
fetch_expenses_date function called with expense date:2024-08-01
getting expense summary from 2024-08-01 to 2024-08-20
fetch_expenses_date function called with expense date:2024-08-01
fetch_expenses_date function called with expense date:2024-08-01
getting expense summary from 2024-08-01 to 2024-08-20
fetch_expenses_date function called with expense date:2024-08-01
fetch_expenses_date function called with expense date:2024-08-01
getting expense summary from 2024-08-01 to 2024-08-20
fetch_expenses_date function called with expense date:2024-08-01
fetch_expenses_date function called with expense date:2024-08-01
getting expense summary from 2024-08-01 to 2024-08-20
fetch_expenses_date function called with expense date:2024-08-01
fetch_expenses_date function called with expense date:2024-08-01
getting expense summary from 2024-08-01 to 2024-08-20
fetch records function called
insert_expenses function called with expense date:24-08-20
fetch_expenses_date function called with expense date:24-08-20
getting expense summary from 24-08-1 to 24-08-20
fetch_expenses_date function called with expense date:24-08-20
getting expense summary from 24-08-1 to 24-08-20
fetch_expenses_date function called with expense date:2024-08-01
fetch_expenses_date function called with expense date:2024-08-01
fetch_expenses_date function called with expense date:2024-08-01
getting expense summary from 2024-08-01 to 2024-08-20
fetch_expenses_date function called with expense date:2024-08-01
getting  month wise expense summary 
getting  month wise expense summary 
getting  month wise expense summary 
getting  month wise expense summary 
fetch_expenses_date function called with expense date:2024-08-01
getting  month wise expense summary 
fetch_expenses_date function called with expense date:2024-08-01
getting  month wise expense summary 
fetch_expenses_date function called with expense date:2024-08-01
getting  month wise expense summary 
fetch_expenses_date function called with expense date:2024-08-01
getting  month wise expense summary 
fetch_expenses_date function called with expense date:2024-08-01
getting  month wise expense summary 
fetch_expenses_date function called with expense date:2024-08-01
getting  month wise expense summary 
fetch_expenses_date function called with expense date:2024-08-01
getting  month wise expense summary 
fetch_expenses_date function called with expense date:2024-08-01
getting  month wise expense summary 
fetch_expenses_date function called with expense date:2024-08-01
getting  month wise expense summary 
fetch_expenses_date function called with expense date:2024-08-01
getting  month wise expense summary 
fetch_expenses_date function called with expense date:2024-08-01
getting  month wise expense summary 
fetch_expenses_date function called with expense date:2024-08-01
getting  month wise expense summary 
fetch_expenses_date function called with expense date:2024-08-01
getting  month wise expense summary 
fetch_expenses_date function called with expense date:2024-08-01
getting  month wise expense summary 
fetch_expenses_date function called with expense date:2024-08-01
getting  month wise expense summary 
getting  month wise expense summary 
fetch_expenses_date function called with expense date:2024-08-01
getting  month wise expense summary 
fetch_expenses_date function called with expense date:2024-08-01
getting  month wise expense summary 
fetch_expenses_date function called with expense date:2024-08-01
getting expense summary from 2024-08-01 to 2024-08-20
getting  month wise expense summary 
fetch_expenses_date function called with expense date:2024-08-01
getting  month wise expense summary 
fetch_expenses_date function called with expense date:2024-08-01
getting  month wise expense summary 
fetch_expenses_date function called with expense date:2024-08-01
getting expense summary from 2024-08-01 to 2024-08-20
getting  month wise expense summary 
